<?xml version="1.0" encoding="UTF-8"?>
<coverage generated="1706432469504" clover="3.2.0">
  <project timestamp="1706432469504" name="All files">
    <metrics statements="183" coveredstatements="183" conditionals="51" coveredconditionals="46" methods="66" coveredmethods="66" elements="300" coveredelements="295" complexity="0" loc="183" ncloc="183" packages="1" files="7" classes="7"/>
    <file name="PayCrItem.ts" path="/Users/yuuki/Documents/GitHub/warikan/src/PayCrItem.ts">
      <metrics statements="4" coveredstatements="4" conditionals="0" coveredconditionals="0" methods="1" coveredmethods="1"/>
      <line num="1" count="5" type="stmt"/>
      <line num="3" count="5" type="stmt"/>
      <line num="4" count="5" type="stmt"/>
      <line num="7" count="51" type="stmt"/>
    </file>
    <file name="PayDrItem.ts" path="/Users/yuuki/Documents/GitHub/warikan/src/PayDrItem.ts">
      <metrics statements="4" coveredstatements="4" conditionals="0" coveredconditionals="0" methods="1" coveredmethods="1"/>
      <line num="1" count="5" type="stmt"/>
      <line num="3" count="5" type="stmt"/>
      <line num="4" count="5" type="stmt"/>
      <line num="7" count="51" type="stmt"/>
    </file>
    <file name="PayItem.ts" path="/Users/yuuki/Documents/GitHub/warikan/src/PayItem.ts">
      <metrics statements="27" coveredstatements="27" conditionals="17" coveredconditionals="13" methods="12" coveredmethods="12"/>
      <line num="1" count="7" type="stmt"/>
      <line num="2" count="103" type="stmt"/>
      <line num="3" count="7" type="stmt"/>
      <line num="4" count="7" type="stmt"/>
      <line num="7" count="103" type="stmt"/>
      <line num="8" count="104" type="stmt"/>
      <line num="13" count="16" type="stmt"/>
      <line num="14" count="16" type="cond" truecount="3" falsecount="1"/>
      <line num="18" count="230" type="stmt"/>
      <line num="19" count="230" type="stmt"/>
      <line num="20" count="238" type="cond" truecount="3" falsecount="1"/>
      <line num="22" count="230" type="stmt"/>
      <line num="26" count="5" type="stmt"/>
      <line num="27" count="4" type="stmt"/>
      <line num="31" count="60" type="stmt"/>
      <line num="32" count="60" type="cond" truecount="3" falsecount="1"/>
      <line num="33" count="60" type="stmt"/>
      <line num="37" count="7" type="stmt"/>
      <line num="38" count="7" type="cond" truecount="3" falsecount="1"/>
      <line num="39" count="7" type="stmt"/>
      <line num="43" count="1" type="stmt"/>
      <line num="44" count="1" type="stmt"/>
      <line num="48" count="3" type="stmt"/>
      <line num="49" count="4" type="stmt"/>
      <line num="54" count="89" type="cond" truecount="1" falsecount="0"/>
      <line num="55" count="1" type="stmt"/>
      <line num="57" count="88" type="stmt"/>
    </file>
    <file name="PayItemUtils.ts" path="/Users/yuuki/Documents/GitHub/warikan/src/PayItemUtils.ts">
      <metrics statements="24" coveredstatements="24" conditionals="3" coveredconditionals="3" methods="12" coveredmethods="12"/>
      <line num="1" count="4" type="stmt"/>
      <line num="2" count="4" type="stmt"/>
      <line num="3" count="4" type="stmt"/>
      <line num="5" count="4" type="stmt"/>
      <line num="10" count="48" type="stmt"/>
      <line num="11" count="48" type="stmt"/>
      <line num="15" count="1" type="stmt"/>
      <line num="19" count="1" type="stmt"/>
      <line num="23" count="1" type="stmt"/>
      <line num="24" count="1" type="stmt"/>
      <line num="28" count="1" type="stmt"/>
      <line num="29" count="1" type="stmt"/>
      <line num="33" count="106" type="stmt"/>
      <line num="37" count="114" type="stmt"/>
      <line num="41" count="52" type="stmt"/>
      <line num="45" count="50" type="stmt"/>
      <line num="50" count="53" type="stmt"/>
      <line num="51" count="52" type="stmt"/>
      <line num="56" count="3" type="stmt"/>
      <line num="57" count="3" type="stmt"/>
      <line num="61" count="56" type="cond" truecount="3" falsecount="0"/>
      <line num="63" count="35" type="stmt"/>
      <line num="65" count="20" type="stmt"/>
      <line num="67" count="1" type="stmt"/>
    </file>
    <file name="Warikan.ts" path="/Users/yuuki/Documents/GitHub/warikan/src/Warikan.ts">
      <metrics statements="52" coveredstatements="52" conditionals="15" coveredconditionals="14" methods="25" coveredmethods="25"/>
      <line num="3" count="1" type="stmt"/>
      <line num="5" count="1" type="stmt"/>
      <line num="9" count="3" type="stmt"/>
      <line num="17" count="13" type="stmt"/>
      <line num="21" count="3" type="stmt"/>
      <line num="22" count="13" type="stmt"/>
      <line num="27" count="2" type="stmt"/>
      <line num="28" count="2" type="cond" truecount="2" falsecount="0"/>
      <line num="29" count="1" type="stmt"/>
      <line num="31" count="1" type="stmt"/>
      <line num="36" count="2" type="stmt"/>
      <line num="37" count="2" type="cond" truecount="2" falsecount="0"/>
      <line num="38" count="1" type="stmt"/>
      <line num="40" count="1" type="stmt"/>
      <line num="45" count="2" type="stmt"/>
      <line num="46" count="2" type="cond" truecount="2" falsecount="0"/>
      <line num="47" count="1" type="stmt"/>
      <line num="49" count="1" type="stmt"/>
      <line num="54" count="2" type="cond" truecount="1" falsecount="0"/>
      <line num="55" count="1" type="stmt"/>
      <line num="59" count="1" type="stmt"/>
      <line num="63" count="2" type="stmt"/>
      <line num="64" count="2" type="stmt"/>
      <line num="65" count="4" type="stmt"/>
      <line num="67" count="2" type="stmt"/>
      <line num="71" count="3" type="stmt"/>
      <line num="72" count="3" type="stmt"/>
      <line num="73" count="8" type="stmt"/>
      <line num="75" count="3" type="stmt"/>
      <line num="79" count="12" type="stmt"/>
      <line num="83" count="4" type="cond" truecount="2" falsecount="0"/>
      <line num="84" count="3" type="cond" truecount="3" falsecount="1"/>
      <line num="86" count="1" type="stmt"/>
      <line num="91" count="2" type="cond" truecount="2" falsecount="0"/>
      <line num="92" count="1" type="stmt"/>
      <line num="94" count="1" type="stmt"/>
      <line num="99" count="5" type="stmt"/>
      <line num="100" count="5" type="stmt"/>
      <line num="101" count="16" type="stmt"/>
      <line num="103" count="5" type="stmt"/>
      <line num="107" count="6" type="stmt"/>
      <line num="111" count="1" type="stmt"/>
      <line num="115" count="1" type="stmt"/>
      <line num="116" count="1" type="stmt"/>
      <line num="117" count="4" type="stmt"/>
      <line num="119" count="1" type="stmt"/>
      <line num="127" count="1" type="stmt"/>
      <line num="135" count="1" type="stmt"/>
      <line num="139" count="1" type="stmt"/>
      <line num="143" count="1" type="stmt"/>
      <line num="144" count="4" type="stmt"/>
      <line num="146" count="1" type="stmt"/>
    </file>
    <file name="WarikanMember.ts" path="/Users/yuuki/Documents/GitHub/warikan/src/WarikanMember.ts">
      <metrics statements="37" coveredstatements="37" conditionals="1" coveredconditionals="1" methods="6" coveredmethods="6"/>
      <line num="4" count="3" type="stmt"/>
      <line num="11" count="3" type="stmt"/>
      <line num="38" count="47" type="stmt"/>
      <line num="39" count="47" type="stmt"/>
      <line num="40" count="47" type="stmt"/>
      <line num="49" count="3" type="stmt"/>
      <line num="64" count="39" type="stmt"/>
      <line num="65" count="39" type="stmt"/>
      <line num="66" count="39" type="stmt"/>
      <line num="67" count="39" type="stmt"/>
      <line num="68" count="39" type="stmt"/>
      <line num="69" count="39" type="stmt"/>
      <line num="70" count="39" type="stmt"/>
      <line num="73" count="410" type="stmt"/>
      <line num="77" count="21" type="stmt"/>
      <line num="85" count="21" type="stmt"/>
      <line num="86" count="21" type="stmt"/>
      <line num="90" count="21" type="stmt"/>
      <line num="98" count="21" type="stmt"/>
      <line num="99" count="21" type="stmt"/>
      <line num="103" count="39" type="stmt"/>
      <line num="104" count="39" type="stmt"/>
      <line num="105" count="39" type="stmt"/>
      <line num="106" count="39" type="stmt"/>
      <line num="107" count="39" type="stmt"/>
      <line num="108" count="39" type="stmt"/>
      <line num="109" count="39" type="stmt"/>
      <line num="110" count="39" type="stmt"/>
      <line num="114" count="3" type="stmt"/>
      <line num="156" count="42" type="stmt"/>
      <line num="157" count="42" type="stmt"/>
      <line num="158" count="42" type="stmt"/>
      <line num="159" count="42" type="stmt"/>
      <line num="160" count="42" type="stmt"/>
      <line num="161" count="42" type="stmt"/>
      <line num="162" count="42" type="stmt"/>
      <line num="163" count="42" type="stmt"/>
    </file>
    <file name="WarikanSplitUtils.ts" path="/Users/yuuki/Documents/GitHub/warikan/src/WarikanSplitUtils.ts">
      <metrics statements="35" coveredstatements="35" conditionals="15" coveredconditionals="15" methods="9" coveredmethods="9"/>
      <line num="1" count="2" type="stmt"/>
      <line num="3" count="2" type="stmt"/>
      <line num="8" count="8" type="stmt"/>
      <line num="13" count="8" type="stmt"/>
      <line num="14" count="32" type="stmt"/>
      <line num="18" count="32" type="stmt"/>
      <line num="20" count="8" type="stmt"/>
      <line num="26" count="8" type="stmt"/>
      <line num="28" count="8" type="stmt"/>
      <line num="29" count="32" type="stmt"/>
      <line num="31" count="8" type="stmt"/>
      <line num="44" count="8" type="stmt"/>
      <line num="50" count="8" type="stmt"/>
      <line num="51" count="32" type="cond" truecount="1" falsecount="0"/>
      <line num="53" count="16" type="stmt"/>
      <line num="55" count="16" type="stmt"/>
      <line num="56" count="64" type="cond" truecount="1" falsecount="0"/>
      <line num="62" count="21" type="stmt"/>
      <line num="63" count="21" type="cond" truecount="1" falsecount="0"/>
      <line num="65" count="2" type="cond" truecount="1" falsecount="0"/>
      <line num="66" count="2" type="stmt"/>
      <line num="67" count="2" type="stmt"/>
      <line num="75" count="8" type="stmt"/>
      <line num="76" count="32" type="cond" truecount="1" falsecount="0"/>
      <line num="78" count="1" type="stmt"/>
      <line num="80" count="31" type="stmt"/>
      <line num="81" count="124" type="cond" truecount="1" falsecount="0"/>
      <line num="87" count="18" type="stmt"/>
      <line num="88" count="18" type="cond" truecount="2" falsecount="0"/>
      <line num="89" count="10" type="stmt"/>
      <line num="91" count="8" type="stmt"/>
      <line num="93" count="18" type="cond" truecount="1" falsecount="0"/>
      <line num="94" count="18" type="stmt"/>
      <line num="95" count="18" type="stmt"/>
      <line num="101" count="8" type="stmt"/>
    </file>
  </project>
</coverage>
