{"/Users/yuuki/Documents/GitHub/warikan/src/PayCrItem.ts": {"path":"/Users/yuuki/Documents/GitHub/warikan/src/PayCrItem.ts","statementMap":{"0":{"start":{"line":1,"column":0},"end":{"line":1,"column":36}},"1":{"start":{"line":7,"column":4},"end":{"line":7,"column":30}},"2":{"start":{"line":3,"column":0},"end":{"line":3,"column":13}},"3":{"start":{"line":4,"column":25},"end":{"line":4,"column":76}}},"fnMap":{"0":{"name":"(anonymous_0)","decl":{"start":{"line":6,"column":2},"end":{"line":6,"column":null}},"loc":{"start":{"line":6,"column":2},"end":{"line":8,"column":3}}}},"branchMap":{},"s":{"0":5,"1":51,"2":5,"3":5},"f":{"0":51},"b":{}}
,"/Users/yuuki/Documents/GitHub/warikan/src/PayDrItem.ts": {"path":"/Users/yuuki/Documents/GitHub/warikan/src/PayDrItem.ts","statementMap":{"0":{"start":{"line":1,"column":0},"end":{"line":1,"column":36}},"1":{"start":{"line":7,"column":4},"end":{"line":7,"column":31}},"2":{"start":{"line":3,"column":0},"end":{"line":3,"column":13}},"3":{"start":{"line":4,"column":25},"end":{"line":4,"column":78}}},"fnMap":{"0":{"name":"(anonymous_0)","decl":{"start":{"line":6,"column":2},"end":{"line":6,"column":null}},"loc":{"start":{"line":6,"column":2},"end":{"line":8,"column":3}}}},"branchMap":{},"s":{"0":5,"1":51,"2":5,"3":5},"f":{"0":51},"b":{}}
,"/Users/yuuki/Documents/GitHub/warikan/src/PayItem.ts": {"path":"/Users/yuuki/Documents/GitHub/warikan/src/PayItem.ts","statementMap":{"0":{"start":{"line":2,"column":10},"end":{"line":2,"column":70}},"1":{"start":{"line":7,"column":4},"end":{"line":9,"column":7}},"2":{"start":{"line":8,"column":6},"end":{"line":8,"column":43}},"3":{"start":{"line":13,"column":4},"end":{"line":13,"column":33}},"4":{"start":{"line":14,"column":4},"end":{"line":14,"column":47}},"5":{"start":{"line":18,"column":28},"end":{"line":18,"column":29}},"6":{"start":{"line":19,"column":4},"end":{"line":21,"column":7}},"7":{"start":{"line":20,"column":6},"end":{"line":20,"column":28}},"8":{"start":{"line":22,"column":4},"end":{"line":22,"column":21}},"9":{"start":{"line":26,"column":4},"end":{"line":26,"column":33}},"10":{"start":{"line":27,"column":4},"end":{"line":27,"column":43}},"11":{"start":{"line":31,"column":4},"end":{"line":31,"column":33}},"12":{"start":{"line":32,"column":27},"end":{"line":32,"column":62}},"13":{"start":{"line":33,"column":4},"end":{"line":33,"column":54}},"14":{"start":{"line":37,"column":4},"end":{"line":37,"column":33}},"15":{"start":{"line":38,"column":27},"end":{"line":38,"column":62}},"16":{"start":{"line":39,"column":4},"end":{"line":39,"column":54}},"17":{"start":{"line":43,"column":4},"end":{"line":43,"column":33}},"18":{"start":{"line":44,"column":4},"end":{"line":44,"column":38}},"19":{"start":{"line":48,"column":4},"end":{"line":50,"column":7}},"20":{"start":{"line":49,"column":6},"end":{"line":49,"column":34}},"21":{"start":{"line":54,"column":4},"end":{"line":56,"column":5}},"22":{"start":{"line":55,"column":6},"end":{"line":55,"column":78}},"23":{"start":{"line":57,"column":4},"end":{"line":57,"column":16}},"24":{"start":{"line":1,"column":0},"end":{"line":1,"column":13}},"25":{"start":{"line":3,"column":25},"end":{"line":3,"column":50}},"26":{"start":{"line":4,"column":25},"end":{"line":4,"column":50}}},"fnMap":{"0":{"name":"(anonymous_0)","decl":{"start":{"line":6,"column":2},"end":{"line":6,"column":14}},"loc":{"start":{"line":6,"column":37},"end":{"line":10,"column":3}}},"1":{"name":"(anonymous_1)","decl":{"start":{"line":7,"column":26},"end":{"line":7,"column":27}},"loc":{"start":{"line":7,"column":43},"end":{"line":9,"column":5}}},"2":{"name":"(anonymous_2)","decl":{"start":{"line":12,"column":2},"end":{"line":12,"column":15}},"loc":{"start":{"line":12,"column":33},"end":{"line":15,"column":3}}},"3":{"name":"(anonymous_3)","decl":{"start":{"line":17,"column":2},"end":{"line":17,"column":16}},"loc":{"start":{"line":17,"column":16},"end":{"line":23,"column":3}}},"4":{"name":"(anonymous_4)","decl":{"start":{"line":19,"column":28},"end":{"line":19,"column":29}},"loc":{"start":{"line":19,"column":41},"end":{"line":21,"column":5}}},"5":{"name":"(anonymous_5)","decl":{"start":{"line":25,"column":2},"end":{"line":25,"column":15}},"loc":{"start":{"line":25,"column":49},"end":{"line":28,"column":3}}},"6":{"name":"(anonymous_6)","decl":{"start":{"line":30,"column":2},"end":{"line":30,"column":16}},"loc":{"start":{"line":30,"column":50},"end":{"line":34,"column":3}}},"7":{"name":"(anonymous_7)","decl":{"start":{"line":36,"column":2},"end":{"line":36,"column":17}},"loc":{"start":{"line":36,"column":51},"end":{"line":40,"column":3}}},"8":{"name":"(anonymous_8)","decl":{"start":{"line":42,"column":2},"end":{"line":42,"column":17}},"loc":{"start":{"line":42,"column":35},"end":{"line":45,"column":3}}},"9":{"name":"(anonymous_9)","decl":{"start":{"line":47,"column":2},"end":{"line":47,"column":20}},"loc":{"start":{"line":47,"column":20},"end":{"line":51,"column":3}}},"10":{"name":"(anonymous_10)","decl":{"start":{"line":48,"column":28},"end":{"line":48,"column":29}},"loc":{"start":{"line":48,"column":41},"end":{"line":50,"column":5}}},"11":{"name":"(anonymous_11)","decl":{"start":{"line":53,"column":10},"end":{"line":53,"column":22}},"loc":{"start":{"line":53,"column":40},"end":{"line":58,"column":3}}}},"branchMap":{"0":{"loc":{"start":{"line":14,"column":11},"end":{"line":14,"column":46}},"type":"cond-expr","locations":[{"start":{"line":14,"column":41},"end":{"line":14,"column":45}},{"start":{"line":14,"column":45},"end":{"line":14,"column":46}}]},"1":{"loc":{"start":{"line":14,"column":11},"end":{"line":14,"column":45}},"type":"binary-expr","locations":[{"start":{"line":14,"column":11},"end":{"line":14,"column":45}},{"start":{"line":14,"column":41},"end":{"line":14,"column":45}}]},"2":{"loc":{"start":{"line":20,"column":19},"end":{"line":20,"column":27}},"type":"cond-expr","locations":[{"start":{"line":20,"column":19},"end":{"line":20,"column":22}},{"start":{"line":20,"column":26},"end":{"line":20,"column":27}}]},"3":{"loc":{"start":{"line":20,"column":19},"end":{"line":20,"column":26}},"type":"binary-expr","locations":[{"start":{"line":20,"column":19},"end":{"line":20,"column":26}},{"start":{"line":20,"column":19},"end":{"line":20,"column":26}}]},"4":{"loc":{"start":{"line":32,"column":27},"end":{"line":32,"column":62}},"type":"cond-expr","locations":[{"start":{"line":32,"column":57},"end":{"line":32,"column":61}},{"start":{"line":32,"column":61},"end":{"line":32,"column":62}}]},"5":{"loc":{"start":{"line":32,"column":27},"end":{"line":32,"column":61}},"type":"binary-expr","locations":[{"start":{"line":32,"column":27},"end":{"line":32,"column":61}},{"start":{"line":32,"column":57},"end":{"line":32,"column":61}}]},"6":{"loc":{"start":{"line":38,"column":27},"end":{"line":38,"column":62}},"type":"cond-expr","locations":[{"start":{"line":38,"column":57},"end":{"line":38,"column":61}},{"start":{"line":38,"column":61},"end":{"line":38,"column":62}}]},"7":{"loc":{"start":{"line":38,"column":27},"end":{"line":38,"column":61}},"type":"binary-expr","locations":[{"start":{"line":38,"column":27},"end":{"line":38,"column":61}},{"start":{"line":38,"column":57},"end":{"line":38,"column":61}}]},"8":{"loc":{"start":{"line":54,"column":4},"end":{"line":56,"column":5}},"type":"if","locations":[{"start":{"line":54,"column":4},"end":{"line":56,"column":5}}]}},"s":{"0":103,"1":103,"2":104,"3":16,"4":16,"5":230,"6":230,"7":238,"8":230,"9":5,"10":4,"11":60,"12":60,"13":60,"14":7,"15":7,"16":7,"17":1,"18":1,"19":3,"20":4,"21":89,"22":1,"23":88,"24":7,"25":7,"26":7},"f":{"0":103,"1":104,"2":16,"3":230,"4":238,"5":5,"6":60,"7":7,"8":1,"9":3,"10":4,"11":89},"b":{"0":[16,0],"1":[16,16],"2":[238,0],"3":[238,238],"4":[60,0],"5":[60,60],"6":[7,0],"7":[7,7],"8":[1]}}
,"/Users/yuuki/Documents/GitHub/warikan/src/PayItemUtils.ts": {"path":"/Users/yuuki/Documents/GitHub/warikan/src/PayItemUtils.ts","statementMap":{"0":{"start":{"line":1,"column":0},"end":{"line":1,"column":40}},"1":{"start":{"line":2,"column":0},"end":{"line":2,"column":40}},"2":{"start":{"line":3,"column":0},"end":{"line":3,"column":36}},"3":{"start":{"line":10,"column":4},"end":{"line":10,"column":37}},"4":{"start":{"line":11,"column":4},"end":{"line":11,"column":37}},"5":{"start":{"line":15,"column":4},"end":{"line":15,"column":31}},"6":{"start":{"line":19,"column":4},"end":{"line":19,"column":31}},"7":{"start":{"line":23,"column":4},"end":{"line":23,"column":31}},"8":{"start":{"line":24,"column":4},"end":{"line":24,"column":31}},"9":{"start":{"line":28,"column":4},"end":{"line":28,"column":40}},"10":{"start":{"line":29,"column":4},"end":{"line":29,"column":40}},"11":{"start":{"line":33,"column":4},"end":{"line":33,"column":43}},"12":{"start":{"line":37,"column":4},"end":{"line":37,"column":43}},"13":{"start":{"line":41,"column":4},"end":{"line":41,"column":61}},"14":{"start":{"line":45,"column":4},"end":{"line":45,"column":43}},"15":{"start":{"line":50,"column":6},"end":{"line":50,"column":51}},"16":{"start":{"line":51,"column":4},"end":{"line":51,"column":54}},"17":{"start":{"line":56,"column":6},"end":{"line":56,"column":51}},"18":{"start":{"line":57,"column":4},"end":{"line":57,"column":55}},"19":{"start":{"line":61,"column":4},"end":{"line":70,"column":5}},"20":{"start":{"line":63,"column":8},"end":{"line":63,"column":30}},"21":{"start":{"line":65,"column":8},"end":{"line":65,"column":30}},"22":{"start":{"line":67,"column":8},"end":{"line":69,"column":10}},"23":{"start":{"line":5,"column":0},"end":{"line":5,"column":13}}},"fnMap":{"0":{"name":"(anonymous_0)","decl":{"start":{"line":9,"column":2},"end":{"line":9,"column":null}},"loc":{"start":{"line":9,"column":2},"end":{"line":12,"column":3}}},"1":{"name":"(anonymous_1)","decl":{"start":{"line":14,"column":2},"end":{"line":14,"column":22}},"loc":{"start":{"line":14,"column":43},"end":{"line":16,"column":3}}},"2":{"name":"(anonymous_2)","decl":{"start":{"line":18,"column":2},"end":{"line":18,"column":22}},"loc":{"start":{"line":18,"column":43},"end":{"line":20,"column":3}}},"3":{"name":"(anonymous_3)","decl":{"start":{"line":22,"column":2},"end":{"line":22,"column":19}},"loc":{"start":{"line":22,"column":62},"end":{"line":25,"column":3}}},"4":{"name":"(anonymous_4)","decl":{"start":{"line":27,"column":2},"end":{"line":27,"column":18}},"loc":{"start":{"line":27,"column":18},"end":{"line":30,"column":3}}},"5":{"name":"(anonymous_5)","decl":{"start":{"line":32,"column":2},"end":{"line":32,"column":18}},"loc":{"start":{"line":32,"column":18},"end":{"line":34,"column":3}}},"6":{"name":"(anonymous_6)","decl":{"start":{"line":36,"column":2},"end":{"line":36,"column":18}},"loc":{"start":{"line":36,"column":18},"end":{"line":38,"column":3}}},"7":{"name":"(anonymous_7)","decl":{"start":{"line":40,"column":2},"end":{"line":40,"column":16}},"loc":{"start":{"line":40,"column":16},"end":{"line":42,"column":3}}},"8":{"name":"(anonymous_8)","decl":{"start":{"line":44,"column":2},"end":{"line":44,"column":13}},"loc":{"start":{"line":44,"column":46},"end":{"line":46,"column":3}}},"9":{"name":"(anonymous_9)","decl":{"start":{"line":48,"column":2},"end":{"line":48,"column":17}},"loc":{"start":{"line":48,"column":51},"end":{"line":52,"column":3}}},"10":{"name":"(anonymous_10)","decl":{"start":{"line":54,"column":2},"end":{"line":54,"column":18}},"loc":{"start":{"line":54,"column":52},"end":{"line":58,"column":3}}},"11":{"name":"(anonymous_11)","decl":{"start":{"line":60,"column":10},"end":{"line":60,"column":39}},"loc":{"start":{"line":60,"column":57},"end":{"line":71,"column":3}}}},"branchMap":{"0":{"loc":{"start":{"line":61,"column":4},"end":{"line":70,"column":5}},"type":"switch","locations":[{"start":{"line":62,"column":6},"end":{"line":63,"column":30}},{"start":{"line":64,"column":6},"end":{"line":65,"column":30}},{"start":{"line":66,"column":6},"end":{"line":69,"column":10}}]}},"s":{"0":4,"1":4,"2":4,"3":48,"4":48,"5":1,"6":1,"7":1,"8":1,"9":1,"10":1,"11":106,"12":114,"13":52,"14":50,"15":53,"16":52,"17":3,"18":3,"19":56,"20":35,"21":20,"22":1,"23":4},"f":{"0":48,"1":1,"2":1,"3":1,"4":1,"5":106,"6":114,"7":52,"8":50,"9":53,"10":3,"11":56},"b":{"0":[35,20,1]}}
,"/Users/yuuki/Documents/GitHub/warikan/src/Warikan.ts": {"path":"/Users/yuuki/Documents/GitHub/warikan/src/Warikan.ts","statementMap":{"0":{"start":{"line":3,"column":0},"end":{"line":3,"column":51}},"1":{"start":{"line":9,"column":4},"end":{"line":9,"column":48}},"2":{"start":{"line":17,"column":4},"end":{"line":17,"column":57}},"3":{"start":{"line":21,"column":4},"end":{"line":23,"column":7}},"4":{"start":{"line":22,"column":6},"end":{"line":22,"column":29}},"5":{"start":{"line":27,"column":19},"end":{"line":27,"column":37}},"6":{"start":{"line":28,"column":4},"end":{"line":32,"column":5}},"7":{"start":{"line":29,"column":6},"end":{"line":29,"column":52}},"8":{"start":{"line":31,"column":6},"end":{"line":31,"column":59}},"9":{"start":{"line":36,"column":19},"end":{"line":36,"column":37}},"10":{"start":{"line":37,"column":4},"end":{"line":41,"column":5}},"11":{"start":{"line":38,"column":6},"end":{"line":38,"column":56}},"12":{"start":{"line":40,"column":6},"end":{"line":40,"column":59}},"13":{"start":{"line":45,"column":19},"end":{"line":45,"column":37}},"14":{"start":{"line":46,"column":4},"end":{"line":50,"column":5}},"15":{"start":{"line":47,"column":6},"end":{"line":47,"column":57}},"16":{"start":{"line":49,"column":6},"end":{"line":49,"column":59}},"17":{"start":{"line":54,"column":4},"end":{"line":56,"column":5}},"18":{"start":{"line":55,"column":6},"end":{"line":55,"column":33}},"19":{"start":{"line":59,"column":4},"end":{"line":59,"column":44}},"20":{"start":{"line":63,"column":30},"end":{"line":63,"column":31}},"21":{"start":{"line":64,"column":4},"end":{"line":66,"column":7}},"22":{"start":{"line":65,"column":6},"end":{"line":65,"column":54}},"23":{"start":{"line":67,"column":4},"end":{"line":67,"column":23}},"24":{"start":{"line":71,"column":30},"end":{"line":71,"column":31}},"25":{"start":{"line":72,"column":4},"end":{"line":74,"column":7}},"26":{"start":{"line":73,"column":6},"end":{"line":73,"column":56}},"27":{"start":{"line":75,"column":4},"end":{"line":75,"column":23}},"28":{"start":{"line":79,"column":4},"end":{"line":79,"column":32}},"29":{"start":{"line":83,"column":4},"end":{"line":87,"column":5}},"30":{"start":{"line":84,"column":6},"end":{"line":84,"column":73}},"31":{"start":{"line":86,"column":6},"end":{"line":86,"column":15}},"32":{"start":{"line":91,"column":4},"end":{"line":95,"column":5}},"33":{"start":{"line":92,"column":6},"end":{"line":92,"column":68}},"34":{"start":{"line":94,"column":6},"end":{"line":94,"column":15}},"35":{"start":{"line":99,"column":30},"end":{"line":99,"column":31}},"36":{"start":{"line":100,"column":4},"end":{"line":102,"column":7}},"37":{"start":{"line":101,"column":6},"end":{"line":101,"column":56}},"38":{"start":{"line":103,"column":4},"end":{"line":103,"column":23}},"39":{"start":{"line":107,"column":4},"end":{"line":107,"column":35}},"40":{"start":{"line":111,"column":4},"end":{"line":111,"column":27}},"41":{"start":{"line":115,"column":31},"end":{"line":115,"column":33}},"42":{"start":{"line":116,"column":4},"end":{"line":118,"column":7}},"43":{"start":{"line":117,"column":6},"end":{"line":117,"column":30}},"44":{"start":{"line":119,"column":4},"end":{"line":119,"column":22}},"45":{"start":{"line":127,"column":4},"end":{"line":127,"column":80}},"46":{"start":{"line":135,"column":56},"end":{"line":135,"column":null}},"47":{"start":{"line":139,"column":25},"end":{"line":141,"column":null}},"48":{"start":{"line":143,"column":4},"end":{"line":145,"column":7}},"49":{"start":{"line":144,"column":6},"end":{"line":144,"column":53}},"50":{"start":{"line":146,"column":4},"end":{"line":146,"column":25}},"51":{"start":{"line":5,"column":0},"end":{"line":5,"column":13}}},"fnMap":{"0":{"name":"(anonymous_0)","decl":{"start":{"line":8,"column":2},"end":{"line":8,"column":null}},"loc":{"start":{"line":8,"column":2},"end":{"line":10,"column":3}}},"1":{"name":"(anonymous_1)","decl":{"start":{"line":16,"column":2},"end":{"line":16,"column":11}},"loc":{"start":{"line":16,"column":33},"end":{"line":18,"column":3}}},"2":{"name":"(anonymous_2)","decl":{"start":{"line":20,"column":2},"end":{"line":20,"column":12}},"loc":{"start":{"line":20,"column":37},"end":{"line":24,"column":3}}},"3":{"name":"(anonymous_3)","decl":{"start":{"line":21,"column":27},"end":{"line":21,"column":28}},"loc":{"start":{"line":21,"column":38},"end":{"line":23,"column":5}}},"4":{"name":"(anonymous_4)","decl":{"start":{"line":26,"column":2},"end":{"line":26,"column":23}},"loc":{"start":{"line":26,"column":68},"end":{"line":33,"column":3}}},"5":{"name":"(anonymous_5)","decl":{"start":{"line":35,"column":2},"end":{"line":35,"column":27}},"loc":{"start":{"line":35,"column":72},"end":{"line":42,"column":3}}},"6":{"name":"(anonymous_6)","decl":{"start":{"line":44,"column":2},"end":{"line":44,"column":28}},"loc":{"start":{"line":44,"column":73},"end":{"line":51,"column":3}}},"7":{"name":"(anonymous_7)","decl":{"start":{"line":53,"column":2},"end":{"line":53,"column":18}},"loc":{"start":{"line":53,"column":29},"end":{"line":57,"column":3}}},"8":{"name":"(anonymous_8)","decl":{"start":{"line":58,"column":2},"end":{"line":58,"column":14}},"loc":{"start":{"line":58,"column":36},"end":{"line":60,"column":3}}},"9":{"name":"(anonymous_9)","decl":{"start":{"line":62,"column":2},"end":{"line":62,"column":23}},"loc":{"start":{"line":62,"column":23},"end":{"line":68,"column":3}}},"10":{"name":"(anonymous_10)","decl":{"start":{"line":64,"column":28},"end":{"line":64,"column":29}},"loc":{"start":{"line":64,"column":47},"end":{"line":66,"column":5}}},"11":{"name":"(anonymous_11)","decl":{"start":{"line":70,"column":2},"end":{"line":70,"column":25}},"loc":{"start":{"line":70,"column":25},"end":{"line":76,"column":3}}},"12":{"name":"(anonymous_12)","decl":{"start":{"line":72,"column":28},"end":{"line":72,"column":29}},"loc":{"start":{"line":72,"column":47},"end":{"line":74,"column":5}}},"13":{"name":"(anonymous_13)","decl":{"start":{"line":78,"column":2},"end":{"line":78,"column":16}},"loc":{"start":{"line":78,"column":16},"end":{"line":80,"column":3}}},"14":{"name":"(anonymous_14)","decl":{"start":{"line":82,"column":2},"end":{"line":82,"column":16}},"loc":{"start":{"line":82,"column":16},"end":{"line":88,"column":3}}},"15":{"name":"(anonymous_15)","decl":{"start":{"line":90,"column":2},"end":{"line":90,"column":16}},"loc":{"start":{"line":90,"column":16},"end":{"line":96,"column":3}}},"16":{"name":"(anonymous_16)","decl":{"start":{"line":98,"column":2},"end":{"line":98,"column":25}},"loc":{"start":{"line":98,"column":25},"end":{"line":104,"column":3}}},"17":{"name":"(anonymous_17)","decl":{"start":{"line":100,"column":28},"end":{"line":100,"column":29}},"loc":{"start":{"line":100,"column":47},"end":{"line":102,"column":5}}},"18":{"name":"(anonymous_18)","decl":{"start":{"line":106,"column":2},"end":{"line":106,"column":11}},"loc":{"start":{"line":106,"column":22},"end":{"line":108,"column":3}}},"19":{"name":"(anonymous_19)","decl":{"start":{"line":110,"column":2},"end":{"line":110,"column":17}},"loc":{"start":{"line":110,"column":17},"end":{"line":112,"column":3}}},"20":{"name":"(anonymous_20)","decl":{"start":{"line":114,"column":2},"end":{"line":114,"column":19}},"loc":{"start":{"line":114,"column":19},"end":{"line":120,"column":3}}},"21":{"name":"(anonymous_21)","decl":{"start":{"line":116,"column":28},"end":{"line":116,"column":29}},"loc":{"start":{"line":116,"column":39},"end":{"line":118,"column":5}}},"22":{"name":"(anonymous_22)","decl":{"start":{"line":126,"column":2},"end":{"line":126,"column":24}},"loc":{"start":{"line":126,"column":24},"end":{"line":128,"column":3}}},"23":{"name":"(anonymous_23)","decl":{"start":{"line":134,"column":2},"end":{"line":134,"column":22}},"loc":{"start":{"line":134,"column":22},"end":{"line":147,"column":3}}},"24":{"name":"(anonymous_24)","decl":{"start":{"line":143,"column":25},"end":{"line":143,"column":26}},"loc":{"start":{"line":143,"column":60},"end":{"line":145,"column":5}}}},"branchMap":{"0":{"loc":{"start":{"line":28,"column":4},"end":{"line":32,"column":5}},"type":"if","locations":[{"start":{"line":28,"column":4},"end":{"line":32,"column":5}},{"start":{"line":30,"column":11},"end":{"line":32,"column":5}}]},"1":{"loc":{"start":{"line":37,"column":4},"end":{"line":41,"column":5}},"type":"if","locations":[{"start":{"line":37,"column":4},"end":{"line":41,"column":5}},{"start":{"line":39,"column":11},"end":{"line":41,"column":5}}]},"2":{"loc":{"start":{"line":46,"column":4},"end":{"line":50,"column":5}},"type":"if","locations":[{"start":{"line":46,"column":4},"end":{"line":50,"column":5}},{"start":{"line":48,"column":11},"end":{"line":50,"column":5}}]},"3":{"loc":{"start":{"line":54,"column":4},"end":{"line":56,"column":5}},"type":"if","locations":[{"start":{"line":54,"column":4},"end":{"line":56,"column":5}}]},"4":{"loc":{"start":{"line":83,"column":4},"end":{"line":87,"column":5}},"type":"if","locations":[{"start":{"line":83,"column":4},"end":{"line":87,"column":5}},{"start":{"line":85,"column":11},"end":{"line":87,"column":5}}]},"5":{"loc":{"start":{"line":84,"column":13},"end":{"line":84,"column":72}},"type":"cond-expr","locations":[{"start":{"line":84,"column":67},"end":{"line":84,"column":71}},{"start":{"line":84,"column":71},"end":{"line":84,"column":72}}]},"6":{"loc":{"start":{"line":84,"column":13},"end":{"line":84,"column":71}},"type":"binary-expr","locations":[{"start":{"line":84,"column":13},"end":{"line":84,"column":71}},{"start":{"line":84,"column":67},"end":{"line":84,"column":71}}]},"7":{"loc":{"start":{"line":91,"column":4},"end":{"line":95,"column":5}},"type":"if","locations":[{"start":{"line":91,"column":4},"end":{"line":95,"column":5}},{"start":{"line":93,"column":11},"end":{"line":95,"column":5}}]}},"s":{"0":1,"1":3,"2":13,"3":3,"4":13,"5":2,"6":2,"7":1,"8":1,"9":2,"10":2,"11":1,"12":1,"13":2,"14":2,"15":1,"16":1,"17":2,"18":1,"19":1,"20":2,"21":2,"22":4,"23":2,"24":3,"25":3,"26":8,"27":3,"28":12,"29":4,"30":3,"31":1,"32":2,"33":1,"34":1,"35":5,"36":5,"37":16,"38":5,"39":6,"40":1,"41":1,"42":1,"43":4,"44":1,"45":1,"46":1,"47":1,"48":1,"49":4,"50":1,"51":1},"f":{"0":3,"1":13,"2":3,"3":13,"4":2,"5":2,"6":2,"7":2,"8":1,"9":2,"10":4,"11":3,"12":8,"13":12,"14":4,"15":2,"16":5,"17":16,"18":6,"19":1,"20":1,"21":4,"22":1,"23":1,"24":4},"b":{"0":[1,1],"1":[1,1],"2":[1,1],"3":[1],"4":[3,1],"5":[3,0],"6":[3,3],"7":[1,1]}}
,"/Users/yuuki/Documents/GitHub/warikan/src/WarikanMember.ts": {"path":"/Users/yuuki/Documents/GitHub/warikan/src/WarikanMember.ts","statementMap":{"0":{"start":{"line":4,"column":0},"end":{"line":4,"column":46}},"1":{"start":{"line":38,"column":4},"end":{"line":38,"column":17}},"2":{"start":{"line":39,"column":4},"end":{"line":39,"column":21}},"3":{"start":{"line":40,"column":4},"end":{"line":40,"column":39}},"4":{"start":{"line":11,"column":0},"end":{"line":11,"column":13}},"5":{"start":{"line":73,"column":4},"end":{"line":73,"column":24}},"6":{"start":{"line":77,"column":35},"end":{"line":83,"column":null}},"7":{"start":{"line":85,"column":4},"end":{"line":85,"column":32}},"8":{"start":{"line":86,"column":4},"end":{"line":86,"column":27}},"9":{"start":{"line":90,"column":35},"end":{"line":96,"column":null}},"10":{"start":{"line":98,"column":4},"end":{"line":98,"column":32}},"11":{"start":{"line":99,"column":4},"end":{"line":99,"column":27}},"12":{"start":{"line":64,"column":2},"end":{"line":64,"column":22}},"13":{"start":{"line":65,"column":2},"end":{"line":65,"column":22}},"14":{"start":{"line":66,"column":2},"end":{"line":66,"column":26}},"15":{"start":{"line":67,"column":10},"end":{"line":67,"column":30}},"16":{"start":{"line":68,"column":10},"end":{"line":68,"column":34}},"17":{"start":{"line":69,"column":10},"end":{"line":69,"column":28}},"18":{"start":{"line":70,"column":2},"end":{"line":70,"column":62}},"19":{"start":{"line":103,"column":4},"end":{"line":103,"column":24}},"20":{"start":{"line":104,"column":4},"end":{"line":104,"column":28}},"21":{"start":{"line":105,"column":4},"end":{"line":105,"column":54}},"22":{"start":{"line":106,"column":4},"end":{"line":106,"column":54}},"23":{"start":{"line":107,"column":4},"end":{"line":107,"column":56}},"24":{"start":{"line":108,"column":4},"end":{"line":108,"column":44}},"25":{"start":{"line":109,"column":4},"end":{"line":109,"column":36}},"26":{"start":{"line":110,"column":4},"end":{"line":110,"column":23}},"27":{"start":{"line":49,"column":0},"end":{"line":49,"column":13}},"28":{"start":{"line":156,"column":4},"end":{"line":156,"column":25}},"29":{"start":{"line":157,"column":4},"end":{"line":157,"column":29}},"30":{"start":{"line":158,"column":4},"end":{"line":158,"column":21}},"31":{"start":{"line":159,"column":4},"end":{"line":159,"column":25}},"32":{"start":{"line":160,"column":4},"end":{"line":160,"column":25}},"33":{"start":{"line":161,"column":4},"end":{"line":161,"column":29}},"34":{"start":{"line":162,"column":4},"end":{"line":162,"column":54}},"35":{"start":{"line":163,"column":4},"end":{"line":163,"column":51}},"36":{"start":{"line":114,"column":0},"end":{"line":114,"column":13}}},"fnMap":{"0":{"name":"(anonymous_0)","decl":{"start":{"line":37,"column":2},"end":{"line":37,"column":14}},"loc":{"start":{"line":37,"column":43},"end":{"line":41,"column":3}}},"1":{"name":"(anonymous_1)","decl":{"start":{"line":72,"column":9},"end":{"line":72,"column":22}},"loc":{"start":{"line":72,"column":22},"end":{"line":74,"column":3}}},"2":{"name":"(anonymous_2)","decl":{"start":{"line":76,"column":9},"end":{"line":76,"column":24}},"loc":{"start":{"line":76,"column":68},"end":{"line":87,"column":3}}},"3":{"name":"(anonymous_3)","decl":{"start":{"line":89,"column":9},"end":{"line":89,"column":25}},"loc":{"start":{"line":89,"column":71},"end":{"line":100,"column":3}}},"4":{"name":"(anonymous_4)","decl":{"start":{"line":102,"column":2},"end":{"line":102,"column":14}},"loc":{"start":{"line":102,"column":43},"end":{"line":111,"column":3}}},"5":{"name":"(anonymous_5)","decl":{"start":{"line":148,"column":2},"end":{"line":148,"column":null}},"loc":{"start":{"line":154,"column":20},"end":{"line":164,"column":3}}}},"branchMap":{"0":{"loc":{"start":{"line":37,"column":26},"end":{"line":37,"column":43}},"type":"default-arg","locations":[{"start":{"line":37,"column":41},"end":{"line":37,"column":43}}]}},"s":{"0":3,"1":47,"2":47,"3":47,"4":3,"5":410,"6":21,"7":21,"8":21,"9":21,"10":21,"11":21,"12":39,"13":39,"14":39,"15":39,"16":39,"17":39,"18":39,"19":39,"20":39,"21":39,"22":39,"23":39,"24":39,"25":39,"26":39,"27":3,"28":42,"29":42,"30":42,"31":42,"32":42,"33":42,"34":42,"35":42,"36":3},"f":{"0":47,"1":410,"2":21,"3":21,"4":39,"5":42},"b":{"0":[1]}}
,"/Users/yuuki/Documents/GitHub/warikan/src/WarikanSplitUtils.ts": {"path":"/Users/yuuki/Documents/GitHub/warikan/src/WarikanSplitUtils.ts","statementMap":{"0":{"start":{"line":1,"column":0},"end":{"line":1,"column":60}},"1":{"start":{"line":8,"column":51},"end":{"line":8,"column":null}},"2":{"start":{"line":13,"column":4},"end":{"line":19,"column":7}},"3":{"start":{"line":14,"column":44},"end":{"line":16,"column":null}},"4":{"start":{"line":18,"column":6},"end":{"line":18,"column":44}},"5":{"start":{"line":20,"column":4},"end":{"line":20,"column":20}},"6":{"start":{"line":26,"column":33},"end":{"line":26,"column":63}},"7":{"start":{"line":28,"column":4},"end":{"line":30,"column":7}},"8":{"start":{"line":29,"column":6},"end":{"line":29,"column":47}},"9":{"start":{"line":31,"column":4},"end":{"line":31,"column":34}},"10":{"start":{"line":44,"column":56},"end":{"line":46,"column":null}},"11":{"start":{"line":50,"column":4},"end":{"line":72,"column":7}},"12":{"start":{"line":51,"column":6},"end":{"line":54,"column":7}},"13":{"start":{"line":53,"column":8},"end":{"line":53,"column":15}},"14":{"start":{"line":55,"column":6},"end":{"line":71,"column":9}},"15":{"start":{"line":56,"column":8},"end":{"line":70,"column":9}},"16":{"start":{"line":62,"column":26},"end":{"line":62,"column":68}},"17":{"start":{"line":63,"column":10},"end":{"line":69,"column":11}},"18":{"start":{"line":65,"column":12},"end":{"line":68,"column":13}},"19":{"start":{"line":66,"column":14},"end":{"line":66,"column":58}},"20":{"start":{"line":67,"column":14},"end":{"line":67,"column":59}},"21":{"start":{"line":75,"column":4},"end":{"line":99,"column":7}},"22":{"start":{"line":76,"column":6},"end":{"line":79,"column":7}},"23":{"start":{"line":78,"column":8},"end":{"line":78,"column":15}},"24":{"start":{"line":80,"column":6},"end":{"line":98,"column":9}},"25":{"start":{"line":81,"column":8},"end":{"line":97,"column":9}},"26":{"start":{"line":87,"column":24},"end":{"line":87,"column":25}},"27":{"start":{"line":88,"column":10},"end":{"line":92,"column":11}},"28":{"start":{"line":89,"column":12},"end":{"line":89,"column":58}},"29":{"start":{"line":91,"column":12},"end":{"line":91,"column":65}},"30":{"start":{"line":93,"column":10},"end":{"line":96,"column":11}},"31":{"start":{"line":94,"column":12},"end":{"line":94,"column":56}},"32":{"start":{"line":95,"column":12},"end":{"line":95,"column":57}},"33":{"start":{"line":101,"column":4},"end":{"line":101,"column":50}},"34":{"start":{"line":3,"column":0},"end":{"line":3,"column":13}}},"fnMap":{"0":{"name":"(anonymous_0)","decl":{"start":{"line":4,"column":10},"end":{"line":4,"column":16}},"loc":{"start":{"line":6,"column":17},"end":{"line":21,"column":3}}},"1":{"name":"(anonymous_1)","decl":{"start":{"line":13,"column":23},"end":{"line":13,"column":24}},"loc":{"start":{"line":13,"column":42},"end":{"line":19,"column":5}}},"2":{"name":"(anonymous_2)","decl":{"start":{"line":23,"column":10},"end":{"line":23,"column":16}},"loc":{"start":{"line":24,"column":49},"end":{"line":32,"column":3}}},"3":{"name":"(anonymous_3)","decl":{"start":{"line":28,"column":26},"end":{"line":28,"column":27}},"loc":{"start":{"line":28,"column":61},"end":{"line":30,"column":5}}},"4":{"name":"(anonymous_4)","decl":{"start":{"line":40,"column":9},"end":{"line":40,"column":15}},"loc":{"start":{"line":42,"column":17},"end":{"line":102,"column":3}}},"5":{"name":"(anonymous_5)","decl":{"start":{"line":50,"column":26},"end":{"line":50,"column":27}},"loc":{"start":{"line":50,"column":59},"end":{"line":72,"column":5}}},"6":{"name":"(anonymous_6)","decl":{"start":{"line":55,"column":28},"end":{"line":55,"column":29}},"loc":{"start":{"line":55,"column":59},"end":{"line":71,"column":7}}},"7":{"name":"(anonymous_7)","decl":{"start":{"line":75,"column":26},"end":{"line":75,"column":27}},"loc":{"start":{"line":75,"column":59},"end":{"line":99,"column":5}}},"8":{"name":"(anonymous_8)","decl":{"start":{"line":80,"column":28},"end":{"line":80,"column":29}},"loc":{"start":{"line":80,"column":59},"end":{"line":98,"column":7}}}},"branchMap":{"0":{"loc":{"start":{"line":51,"column":6},"end":{"line":54,"column":7}},"type":"if","locations":[{"start":{"line":51,"column":6},"end":{"line":54,"column":7}}]},"1":{"loc":{"start":{"line":56,"column":8},"end":{"line":70,"column":9}},"type":"if","locations":[{"start":{"line":56,"column":8},"end":{"line":70,"column":9}}]},"2":{"loc":{"start":{"line":57,"column":10},"end":{"line":59,"column":37}},"type":"binary-expr","locations":[{"start":{"line":57,"column":10},"end":{"line":57,"column":37}},{"start":{"line":58,"column":10},"end":{"line":58,"column":39}},{"start":{"line":59,"column":10},"end":{"line":59,"column":37}}]},"3":{"loc":{"start":{"line":63,"column":10},"end":{"line":69,"column":11}},"type":"if","locations":[{"start":{"line":63,"column":10},"end":{"line":69,"column":11}}]},"4":{"loc":{"start":{"line":65,"column":12},"end":{"line":68,"column":13}},"type":"if","locations":[{"start":{"line":65,"column":12},"end":{"line":68,"column":13}}]},"5":{"loc":{"start":{"line":76,"column":6},"end":{"line":79,"column":7}},"type":"if","locations":[{"start":{"line":76,"column":6},"end":{"line":79,"column":7}}]},"6":{"loc":{"start":{"line":81,"column":8},"end":{"line":97,"column":9}},"type":"if","locations":[{"start":{"line":81,"column":8},"end":{"line":97,"column":9}}]},"7":{"loc":{"start":{"line":82,"column":10},"end":{"line":84,"column":37}},"type":"binary-expr","locations":[{"start":{"line":82,"column":10},"end":{"line":82,"column":37}},{"start":{"line":83,"column":10},"end":{"line":83,"column":39}},{"start":{"line":84,"column":10},"end":{"line":84,"column":37}}]},"8":{"loc":{"start":{"line":88,"column":10},"end":{"line":92,"column":11}},"type":"if","locations":[{"start":{"line":88,"column":10},"end":{"line":92,"column":11}},{"start":{"line":90,"column":17},"end":{"line":92,"column":11}}]},"9":{"loc":{"start":{"line":93,"column":10},"end":{"line":96,"column":11}},"type":"if","locations":[{"start":{"line":93,"column":10},"end":{"line":96,"column":11}}]}},"s":{"0":2,"1":8,"2":8,"3":32,"4":32,"5":8,"6":8,"7":8,"8":32,"9":8,"10":8,"11":8,"12":32,"13":16,"14":16,"15":64,"16":21,"17":21,"18":2,"19":2,"20":2,"21":8,"22":32,"23":1,"24":31,"25":124,"26":18,"27":18,"28":10,"29":8,"30":18,"31":18,"32":18,"33":8,"34":2},"f":{"0":8,"1":32,"2":8,"3":32,"4":8,"5":32,"6":64,"7":32,"8":124},"b":{"0":[16],"1":[21],"2":[64,48,29],"3":[2],"4":[2],"5":[1],"6":[18],"7":[124,93,18],"8":[10,8],"9":[18]}}
}
