TN:
SF:src/PayCrItem.ts
FN:6,(anonymous_0)
FNF:1
FNH:1
FNDA:51,(anonymous_0)
DA:1,5
DA:3,5
DA:4,5
DA:7,51
LF:4
LH:4
BRF:0
BRH:0
end_of_record
TN:
SF:src/PayDrItem.ts
FN:6,(anonymous_0)
FNF:1
FNH:1
FNDA:51,(anonymous_0)
DA:1,5
DA:3,5
DA:4,5
DA:7,51
LF:4
LH:4
BRF:0
BRH:0
end_of_record
TN:
SF:src/PayItem.ts
FN:6,(anonymous_0)
FN:7,(anonymous_1)
FN:12,(anonymous_2)
FN:17,(anonymous_3)
FN:19,(anonymous_4)
FN:25,(anonymous_5)
FN:30,(anonymous_6)
FN:36,(anonymous_7)
FN:42,(anonymous_8)
FN:47,(anonymous_9)
FN:48,(anonymous_10)
FN:53,(anonymous_11)
FNF:12
FNH:12
FNDA:103,(anonymous_0)
FNDA:104,(anonymous_1)
FNDA:16,(anonymous_2)
FNDA:230,(anonymous_3)
FNDA:238,(anonymous_4)
FNDA:5,(anonymous_5)
FNDA:60,(anonymous_6)
FNDA:7,(anonymous_7)
FNDA:1,(anonymous_8)
FNDA:3,(anonymous_9)
FNDA:4,(anonymous_10)
FNDA:89,(anonymous_11)
DA:1,7
DA:2,103
DA:3,7
DA:4,7
DA:7,103
DA:8,104
DA:13,16
DA:14,16
DA:18,230
DA:19,230
DA:20,238
DA:22,230
DA:26,5
DA:27,4
DA:31,60
DA:32,60
DA:33,60
DA:37,7
DA:38,7
DA:39,7
DA:43,1
DA:44,1
DA:48,3
DA:49,4
DA:54,89
DA:55,1
DA:57,88
LF:27
LH:27
BRDA:14,0,0,16
BRDA:14,0,1,0
BRDA:14,1,0,16
BRDA:14,1,1,16
BRDA:20,2,0,238
BRDA:20,2,1,0
BRDA:20,3,0,238
BRDA:20,3,1,238
BRDA:32,4,0,60
BRDA:32,4,1,0
BRDA:32,5,0,60
BRDA:32,5,1,60
BRDA:38,6,0,7
BRDA:38,6,1,0
BRDA:38,7,0,7
BRDA:38,7,1,7
BRDA:54,8,0,1
BRF:17
BRH:13
end_of_record
TN:
SF:src/PayItemUtils.ts
FN:9,(anonymous_0)
FN:14,(anonymous_1)
FN:18,(anonymous_2)
FN:22,(anonymous_3)
FN:27,(anonymous_4)
FN:32,(anonymous_5)
FN:36,(anonymous_6)
FN:40,(anonymous_7)
FN:44,(anonymous_8)
FN:48,(anonymous_9)
FN:54,(anonymous_10)
FN:60,(anonymous_11)
FNF:12
FNH:12
FNDA:48,(anonymous_0)
FNDA:1,(anonymous_1)
FNDA:1,(anonymous_2)
FNDA:1,(anonymous_3)
FNDA:1,(anonymous_4)
FNDA:106,(anonymous_5)
FNDA:114,(anonymous_6)
FNDA:52,(anonymous_7)
FNDA:50,(anonymous_8)
FNDA:53,(anonymous_9)
FNDA:3,(anonymous_10)
FNDA:56,(anonymous_11)
DA:1,4
DA:2,4
DA:3,4
DA:5,4
DA:10,48
DA:11,48
DA:15,1
DA:19,1
DA:23,1
DA:24,1
DA:28,1
DA:29,1
DA:33,106
DA:37,114
DA:41,52
DA:45,50
DA:50,53
DA:51,52
DA:56,3
DA:57,3
DA:61,56
DA:63,35
DA:65,20
DA:67,1
LF:24
LH:24
BRDA:61,0,0,35
BRDA:61,0,1,20
BRDA:61,0,2,1
BRF:3
BRH:3
end_of_record
TN:
SF:src/Warikan.ts
FN:8,(anonymous_0)
FN:16,(anonymous_1)
FN:20,(anonymous_2)
FN:21,(anonymous_3)
FN:26,(anonymous_4)
FN:35,(anonymous_5)
FN:44,(anonymous_6)
FN:53,(anonymous_7)
FN:58,(anonymous_8)
FN:62,(anonymous_9)
FN:64,(anonymous_10)
FN:70,(anonymous_11)
FN:72,(anonymous_12)
FN:78,(anonymous_13)
FN:82,(anonymous_14)
FN:90,(anonymous_15)
FN:98,(anonymous_16)
FN:100,(anonymous_17)
FN:106,(anonymous_18)
FN:110,(anonymous_19)
FN:114,(anonymous_20)
FN:116,(anonymous_21)
FN:126,(anonymous_22)
FN:134,(anonymous_23)
FN:143,(anonymous_24)
FNF:25
FNH:25
FNDA:3,(anonymous_0)
FNDA:13,(anonymous_1)
FNDA:3,(anonymous_2)
FNDA:13,(anonymous_3)
FNDA:2,(anonymous_4)
FNDA:2,(anonymous_5)
FNDA:2,(anonymous_6)
FNDA:2,(anonymous_7)
FNDA:1,(anonymous_8)
FNDA:2,(anonymous_9)
FNDA:4,(anonymous_10)
FNDA:3,(anonymous_11)
FNDA:8,(anonymous_12)
FNDA:12,(anonymous_13)
FNDA:4,(anonymous_14)
FNDA:2,(anonymous_15)
FNDA:5,(anonymous_16)
FNDA:16,(anonymous_17)
FNDA:6,(anonymous_18)
FNDA:1,(anonymous_19)
FNDA:1,(anonymous_20)
FNDA:4,(anonymous_21)
FNDA:1,(anonymous_22)
FNDA:1,(anonymous_23)
FNDA:4,(anonymous_24)
DA:3,1
DA:5,1
DA:9,3
DA:17,13
DA:21,3
DA:22,13
DA:27,2
DA:28,2
DA:29,1
DA:31,1
DA:36,2
DA:37,2
DA:38,1
DA:40,1
DA:45,2
DA:46,2
DA:47,1
DA:49,1
DA:54,2
DA:55,1
DA:59,1
DA:63,2
DA:64,2
DA:65,4
DA:67,2
DA:71,3
DA:72,3
DA:73,8
DA:75,3
DA:79,12
DA:83,4
DA:84,3
DA:86,1
DA:91,2
DA:92,1
DA:94,1
DA:99,5
DA:100,5
DA:101,16
DA:103,5
DA:107,6
DA:111,1
DA:115,1
DA:116,1
DA:117,4
DA:119,1
DA:127,1
DA:135,1
DA:139,1
DA:143,1
DA:144,4
DA:146,1
LF:52
LH:52
BRDA:28,0,0,1
BRDA:28,0,1,1
BRDA:37,1,0,1
BRDA:37,1,1,1
BRDA:46,2,0,1
BRDA:46,2,1,1
BRDA:54,3,0,1
BRDA:83,4,0,3
BRDA:83,4,1,1
BRDA:84,5,0,3
BRDA:84,5,1,0
BRDA:84,6,0,3
BRDA:84,6,1,3
BRDA:91,7,0,1
BRDA:91,7,1,1
BRF:15
BRH:14
end_of_record
TN:
SF:src/WarikanMember.ts
FN:37,(anonymous_0)
FN:72,(anonymous_1)
FN:76,(anonymous_2)
FN:89,(anonymous_3)
FN:102,(anonymous_4)
FN:148,(anonymous_5)
FNF:6
FNH:6
FNDA:47,(anonymous_0)
FNDA:410,(anonymous_1)
FNDA:21,(anonymous_2)
FNDA:21,(anonymous_3)
FNDA:39,(anonymous_4)
FNDA:42,(anonymous_5)
DA:4,3
DA:11,3
DA:38,47
DA:39,47
DA:40,47
DA:49,3
DA:64,39
DA:65,39
DA:66,39
DA:67,39
DA:68,39
DA:69,39
DA:70,39
DA:73,410
DA:77,21
DA:85,21
DA:86,21
DA:90,21
DA:98,21
DA:99,21
DA:103,39
DA:104,39
DA:105,39
DA:106,39
DA:107,39
DA:108,39
DA:109,39
DA:110,39
DA:114,3
DA:156,42
DA:157,42
DA:158,42
DA:159,42
DA:160,42
DA:161,42
DA:162,42
DA:163,42
LF:37
LH:37
BRDA:37,0,0,1
BRF:1
BRH:1
end_of_record
TN:
SF:src/WarikanSplitUtils.ts
FN:4,(anonymous_0)
FN:13,(anonymous_1)
FN:23,(anonymous_2)
FN:28,(anonymous_3)
FN:40,(anonymous_4)
FN:50,(anonymous_5)
FN:55,(anonymous_6)
FN:75,(anonymous_7)
FN:80,(anonymous_8)
FNF:9
FNH:9
FNDA:8,(anonymous_0)
FNDA:32,(anonymous_1)
FNDA:8,(anonymous_2)
FNDA:32,(anonymous_3)
FNDA:8,(anonymous_4)
FNDA:32,(anonymous_5)
FNDA:64,(anonymous_6)
FNDA:32,(anonymous_7)
FNDA:124,(anonymous_8)
DA:1,2
DA:3,2
DA:8,8
DA:13,8
DA:14,32
DA:18,32
DA:20,8
DA:26,8
DA:28,8
DA:29,32
DA:31,8
DA:44,8
DA:50,8
DA:51,32
DA:53,16
DA:55,16
DA:56,64
DA:62,21
DA:63,21
DA:65,2
DA:66,2
DA:67,2
DA:75,8
DA:76,32
DA:78,1
DA:80,31
DA:81,124
DA:87,18
DA:88,18
DA:89,10
DA:91,8
DA:93,18
DA:94,18
DA:95,18
DA:101,8
LF:35
LH:35
BRDA:51,0,0,16
BRDA:56,1,0,21
BRDA:57,2,0,64
BRDA:57,2,1,48
BRDA:57,2,2,29
BRDA:63,3,0,2
BRDA:65,4,0,2
BRDA:76,5,0,1
BRDA:81,6,0,18
BRDA:82,7,0,124
BRDA:82,7,1,93
BRDA:82,7,2,18
BRDA:88,8,0,10
BRDA:88,8,1,8
BRDA:93,9,0,18
BRF:15
BRH:15
end_of_record
